<?xml version="1.0" encoding="UTF-8" ?>
<testsuite tests="20" failures="0" name="ru.sf.RunCucumberTest" time="112.624" errors="0" skipped="0">
  <properties>
    <property name="java.runtime.name" value="OpenJDK Runtime Environment"/>
    <property name="java.vm.version" value="17.0.1+12-39"/>
    <property name="sun.boot.library.path" value="C:\Program Files\Java\jdk-17.0.1\bin"/>
    <property name="maven.multiModuleProjectDirectory" value="D:\SFWebTest\Web_Test_38.1"/>
    <property name="java.vm.vendor" value="Oracle Corporation"/>
    <property name="java.vendor.url" value="https://java.oracle.com/"/>
    <property name="guice.disable.misplaced.annotation.check" value="true"/>
    <property name="path.separator" value=";"/>
    <property name="java.vm.name" value="OpenJDK 64-Bit Server VM"/>
    <property name="sun.os.patch.level" value=""/>
    <property name="user.script" value=""/>
    <property name="user.country" value="RU"/>
    <property name="sun.java.launcher" value="SUN_STANDARD"/>
    <property name="java.vm.specification.name" value="Java Virtual Machine Specification"/>
    <property name="user.dir" value="D:\SFWebTest\Web_Test_38.1"/>
    <property name="java.vm.compressedOopsMode" value="32-bit"/>
    <property name="java.runtime.version" value="17.0.1+12-39"/>
    <property name="os.arch" value="amd64"/>
    <property name="java.io.tmpdir" value="C:\Users\dix-a\AppData\Local\Temp\"/>
    <property name="line.separator" value="
"/>
    <property name="java.vm.specification.vendor" value="Oracle Corporation"/>
    <property name="user.variant" value=""/>
    <property name="os.name" value="Windows 10"/>
    <property name="classworlds.conf" value="C:\apache-maven-3.8.1\bin\..\bin\m2.conf"/>
    <property name="sun.jnu.encoding" value="Cp1251"/>
    <property name="java.library.path" value="C:\Program Files\Java\jdk-17.0.1\bin;C:\Windows\Sun\Java\bin;C:\Windows\system32;C:\Windows;C:\Program Files (x86)\VMware\VMware Workstation\bin\;C:\Program Files\Common Files\Oracle\Java\javapath;C:\Program Files\Common Files\Oracle\Java\javapath:C:\apache-maven-3.8.1\bin;C:\Windows\system32;C:\Windows;C:\Windows\System32\Wbem;C:\Windows\System32\WindowsPowerShell\v1.0\;C:\Windows\System32\OpenSSH\;C:\Program Files (x86)\NVIDIA Corporation\PhysX\Common;C:\Program Files\Git\cmd;C:\apache-maven-3.8.1\bin;C:\Program Files\NVIDIA Corporation\NVIDIA NvDLISR;C:\Program Files\nodejs\;C:\Users\dix-a\AppData\Local\Android\Sdk\platforms;C:\Users\dix-a\AppData\Local\Android\Sdk\platform-tools;C:\Users\dix-a\AppData\Local\Microsoft\WindowsApps;C:\Users\dix-a\AppData\Local\GitHubDesktop\bin;C:\Users\dix-a\AppData\Roaming\npm;."/>
    <property name="maven.conf" value="C:\apache-maven-3.8.1\bin\../conf"/>
    <property name="jdk.debug" value="release"/>
    <property name="java.class.version" value="61.0"/>
    <property name="java.specification.name" value="Java Platform API Specification"/>
    <property name="sun.management.compiler" value="HotSpot 64-Bit Tiered Compilers"/>
    <property name="os.version" value="10.0"/>
    <property name="library.jansi.path" value="C:\apache-maven-3.8.1\bin\..\lib\jansi-native"/>
    <property name="user.home" value="C:\Users\dix-a"/>
    <property name="user.timezone" value="Europe/Moscow"/>
    <property name="file.encoding" value="Cp1251"/>
    <property name="java.specification.version" value="17"/>
    <property name="user.name" value="dix-a"/>
    <property name="java.class.path" value="C:\apache-maven-3.8.1\bin\..\boot\plexus-classworlds-2.6.0.jar"/>
    <property name="java.vm.specification.version" value="17"/>
    <property name="sun.arch.data.model" value="64"/>
    <property name="sun.java.command" value="org.codehaus.plexus.classworlds.launcher.Launcher clean test"/>
    <property name="java.home" value="C:\Program Files\Java\jdk-17.0.1"/>
    <property name="user.language" value="ru"/>
    <property name="java.specification.vendor" value="Oracle Corporation"/>
    <property name="java.vm.info" value="mixed mode, sharing"/>
    <property name="java.version" value="17.0.1"/>
    <property name="native.encoding" value="Cp1251"/>
    <property name="java.vendor" value="Oracle Corporation"/>
    <property name="sun.stderr.encoding" value="cp866"/>
    <property name="maven.home" value="C:\apache-maven-3.8.1\bin\.."/>
    <property name="file.separator" value="\"/>
    <property name="java.version.date" value="2021-10-19"/>
    <property name="java.vendor.url.bug" value="https://bugreport.java.com/bugreport/"/>
    <property name="sun.io.unicode.encoding" value="UnicodeLittle"/>
    <property name="sun.cpu.endian" value="little"/>
    <property name="sun.stdout.encoding" value="cp866"/>
    <property name="sun.cpu.isalist" value="amd64"/>
  </properties>
  <testcase classname="Check skillfactory.ru" name="chose StartPage adres" time="8.837"/>
  <testcase classname="Check skillfactory.ru" name="chose CoursesPage curses" time="4.665"/>
  <testcase classname="Check skillfactory.ru" name="chose chatAssistant" time="3.116"/>
  <testcase classname="Check skillfactory.ru" name="chose FreePage" time="5.115"/>
  <testcase classname="Check skillfactory.ru" name="chose PhoneNumber" time="3.638"/>
  <testcase classname="Check skillfactory.ru" name="chose CoursesDatascience" time="4.897"/>
  <testcase classname="Check skillfactory.ru" name="chose CoursesAnalitikaDannyh" time="5.278"/>
  <testcase classname="Check skillfactory.ru" name="chose CoursesProgrammirovanie" time="6.245"/>
  <testcase classname="Check skillfactory.ru" name="chose CoursesWebrazrabotka" time="5.444"/>
  <testcase classname="Check skillfactory.ru" name="chose CoursesBackendRazrabotka" time="6.106"/>
  <testcase classname="Check skillfactory.ru" name="chose CoursesTestirovanie" time="5.415"/>
  <testcase classname="Check skillfactory.ru" name="chose CoursesRazrabotkaMobilnyhPrilozheniy" time="6.253"/>
  <testcase classname="Check skillfactory.ru" name="chose CoursesKiberbezopasnost" time="6.31"/>
  <testcase classname="Check skillfactory.ru" name="chose CoursesInfrastructure" time="5.994"/>
  <testcase classname="Check skillfactory.ru" name="chose CoursesMarketing" time="6.408"/>
  <testcase classname="Check skillfactory.ru" name="chose CoursesRazrabotkaIgr" time="5.273"/>
  <testcase classname="Check skillfactory.ru" name="chose CoursesDesign" time="7.326"/>
  <testcase classname="Check skillfactory.ru" name="chose CoursesUpravlenie" time="6.451"/>
  <testcase classname="Check skillfactory.ru" name="chose PartnersPage" time="5.381"/>
  <testcase classname="Check skillfactory.ru" name="chose CorporatePage" time="4.472"/>
</testsuite>